<?xml version="1.0" encoding="UTF-8"?>
<!-- Generated by org.testng.reporters.JUnitReportReporter -->
<testsuite skipped="0" hostname="DESKTOP-P1APSV9" name="com.Batch.CMD.RunFromCMD" tests="1" failures="0" timestamp="2022-11-24T06:50:18 IST" time="0.012" errors="0">
  <testcase name="test1" time="0.012" classname="com.Batch.CMD.RunFromCMD"/>
  <system-out/>
</testsuite> <!-- com.Batch.CMD.RunFromCMD -->
